
## ---------------------- ##
## Running config.status. ##
## ---------------------- ##

This file was extended by openbt config.status current-40-g6a62d64, which was
generated by GNU Autoconf 2.69.  Invocation command line was

  CONFIG_FILES    = 
  CONFIG_HEADERS  = 
  CONFIG_LINKS    = 
  CONFIG_COMMANDS = 
  $ ./config.status 

on MTH-NC247239

config.status:1070: creating Makefile
config.status:1242: executing depfiles commands
config.status:1319: cd .       && sed -e '/# am--include-marker/d' Makefile         | make -f - am--depfiles
make[1]: Entering directory '/home/johnyannotty/Documents/Open BT Project SRC'
make[1]: Nothing to be done for 'am--depfiles'.
make[1]: Leaving directory '/home/johnyannotty/Documents/Open BT Project SRC'
config.status:1324: $? = 0
config.status:1242: executing libtool commands

## ---------------------- ##
## Running config.status. ##
## ---------------------- ##

This file was extended by openbt config.status current-40-g6a62d64, which was
generated by GNU Autoconf 2.69.  Invocation command line was

  CONFIG_FILES    = 
  CONFIG_HEADERS  = 
  CONFIG_LINKS    = 
  CONFIG_COMMANDS = 
  $ ./config.status 

on MTH-NC247239

config.status:1070: creating Makefile
config.status:1242: executing depfiles commands
config.status:1319: cd .       && sed -e '/# am--include-marker/d' Makefile         | make -f - am--depfiles
make[1]: Entering directory '/home/johnyannotty/Documents/Open BT Project SRC'
make[1]: Nothing to be done for 'am--depfiles'.
make[1]: Leaving directory '/home/johnyannotty/Documents/Open BT Project SRC'
config.status:1324: $? = 0
config.status:1242: executing libtool commands

## ---------------------- ##
## Running config.status. ##
## ---------------------- ##

This file was extended by openbt config.status current-40-g6a62d64, which was
generated by GNU Autoconf 2.69.  Invocation command line was

  CONFIG_FILES    = 
  CONFIG_HEADERS  = 
  CONFIG_LINKS    = 
  CONFIG_COMMANDS = 
  $ ./config.status Makefile depfiles

on MTH-NC247239

config.status:1070: creating Makefile
config.status:1242: executing depfiles commands
config.status:1319: cd .       && sed -e '/# am--include-marker/d' Makefile         | make -f - am--depfiles
make[1]: Entering directory '/home/johnyannotty/Documents/openbt'
make[1]: Leaving directory '/home/johnyannotty/Documents/openbt'
config.status:1324: $? = 0
